#
# There is insufficient memory for the Java Runtime Environment to continue.
# Native memory allocation (malloc) failed to allocate 32744 bytes for Chunk::new
# Possible reasons:
#   The system is out of physical RAM or swap space
#   The process is running with CompressedOops enabled, and the Java Heap may be blocking the growth of the native heap
# Possible solutions:
#   Reduce memory load on the system
#   Increase physical memory or swap space
#   Check if swap backing store is full
#   Decrease Java heap size (-Xmx/-Xms)
#   Decrease number of Java threads
#   Decrease Java thread stack sizes (-Xss)
#   Set larger code cache with -XX:ReservedCodeCacheSize=
#   JVM is running with Zero Based Compressed Oops mode in which the Java heap is
#     placed in the first 32GB address space. The Java Heap base address is the
#     maximum limit for the native heap growth. Please use -XX:HeapBaseMinAddress
#     to set the Java Heap base and to place the Java Heap above 32GB virtual address.
# This output file may be truncated or incomplete.
#
#  Out of Memory Error (arena.cpp:168), pid=30544, tid=32288
#
# JRE version: Java(TM) SE Runtime Environment (21.0.1+12) (build 21.0.1+12-LTS-29)
# Java VM: Java HotSpot(TM) 64-Bit Server VM (21.0.1+12-LTS-29, mixed mode, sharing, tiered, compressed oops, compressed class ptrs, g1 gc, windows-amd64)
# No core dump will be written. Minidumps are not enabled by default on client versions of Windows
#

---------------  S U M M A R Y ------------

Command Line: -Dfile.encoding=UTF-8 --module-path=C:\Users\ASUS\Documents\NetBeansProjects\bank management system\build\classes bank.management.system.SignupThree

Host: 12th Gen Intel(R) Core(TM) i5-12500H, 16 cores, 15G,  Windows 11 , 64 bit Build 22621 (10.0.22621.3672)
Time: Tue Aug 13 13:46:24 2024 India Standard Time elapsed time: 0.256411 seconds (0d 0h 0m 0s)

---------------  T H R E A D  ---------------

Current thread (0x000001fd75163aa0):  JavaThread "C1 CompilerThread2" daemon [_thread_in_native, id=32288, stack(0x00000099cf500000,0x00000099cf600000) (1024K)]


Current CompileTask:
C1:    256  331       3       java.lang.invoke.MemberName::getMethodOrFieldType (72 bytes)

Stack: [0x00000099cf500000,0x00000099cf600000]
Native frames: (J=compiled Java code, j=interpreted, Vv=VM code, C=native code)
V  [jvm.dll+0x6c9029]
V  [jvm.dll+0x854b81]
V  [jvm.dll+0x856e5e]
V  [jvm.dll+0x857543]
V  [jvm.dll+0x280c06]
V  [jvm.dll+0xc3ead]
V  [jvm.dll+0xc43c3]
V  [jvm.dll+0x19609e]
V  [jvm.dll+0x19e56b]
V  [jvm.dll+0x19b00a]
V  [jvm.dll+0x154753]
V  [jvm.dll+0x154008]
V  [jvm.dll+0x154244]
V  [jvm.dll+0x153686]
V  [jvm.dll+0x1553ed]
V  [jvm.dll+0x2586b9]
V  [jvm.dll+0x256c9a]
V  [jvm.dll+0x3ef1b6]
V  [jvm.dll+0x7fd728]
V  [jvm.dll+0x6c777d]
C  [ucrtbase.dll+0x29333]
C  [KERNEL32.DLL+0x1257d]
C  [ntdll.dll+0x5af28]


---------------  P R O C E S S  ---------------

Threads class SMR info:
_java_thread_list=0x000001fd751e33e0, length=15, elements={
0x000001fd0e195ab0, 0x000001fd2f731db0, 0x000001fd2f732cd0, 0x000001fd2f737420,
0x000001fd2f738c50, 0x000001fd75008090, 0x000001fd75009830, 0x000001fd7500ad10,
0x000001fd7500b7b0, 0x000001fd751183b0, 0x000001fd7513f8a0, 0x000001fd75163aa0,
0x000001fd7516a240, 0x000001fd7528c740, 0x000001fd75288bb0
}

Java Threads: ( => current thread )
  0x000001fd0e195ab0 JavaThread "main"                              [_thread_in_vm, id=32800, stack(0x00000099ce300000,0x00000099ce400000) (1024K)]
  0x000001fd2f731db0 JavaThread "Reference Handler"          daemon [_thread_blocked, id=3584, stack(0x00000099ceb00000,0x00000099cec00000) (1024K)]
  0x000001fd2f732cd0 JavaThread "Finalizer"                  daemon [_thread_blocked, id=32948, stack(0x00000099cec00000,0x00000099ced00000) (1024K)]
  0x000001fd2f737420 JavaThread "Signal Dispatcher"          daemon [_thread_blocked, id=16120, stack(0x00000099ced00000,0x00000099cee00000) (1024K)]
  0x000001fd2f738c50 JavaThread "Attach Listener"            daemon [_thread_blocked, id=32700, stack(0x00000099cee00000,0x00000099cef00000) (1024K)]
  0x000001fd75008090 JavaThread "Service Thread"             daemon [_thread_blocked, id=26104, stack(0x00000099cef00000,0x00000099cf000000) (1024K)]
  0x000001fd75009830 JavaThread "Monitor Deflation Thread"   daemon [_thread_blocked, id=11380, stack(0x00000099cf000000,0x00000099cf100000) (1024K)]
  0x000001fd7500ad10 JavaThread "C2 CompilerThread0"         daemon [_thread_blocked, id=18836, stack(0x00000099cf100000,0x00000099cf200000) (1024K)]
  0x000001fd7500b7b0 JavaThread "C1 CompilerThread0"         daemon [_thread_blocked, id=30784, stack(0x00000099cf200000,0x00000099cf300000) (1024K)]
  0x000001fd751183b0 JavaThread "Common-Cleaner"             daemon [_thread_blocked, id=6748, stack(0x00000099cf300000,0x00000099cf400000) (1024K)]
  0x000001fd7513f8a0 JavaThread "C1 CompilerThread1"         daemon [_thread_blocked, id=34236, stack(0x00000099cf400000,0x00000099cf500000) (1024K)]
=>0x000001fd75163aa0 JavaThread "C1 CompilerThread2"         daemon [_thread_in_native, id=32288, stack(0x00000099cf500000,0x00000099cf600000) (1024K)]
  0x000001fd7516a240 JavaThread "C1 CompilerThread3"         daemon [_thread_blocked, id=25408, stack(0x00000099cf600000,0x00000099cf700000) (1024K)]
  0x000001fd7528c740 JavaThread "Notification Thread"        daemon [_thread_blocked, id=12792, stack(0x00000099cf700000,0x00000099cf800000) (1024K)]
  0x000001fd75288bb0 JavaThread "C2 CompilerThread1"         daemon [_thread_blocked, id=17236, stack(0x00000099cf800000,0x00000099cf900000) (1024K)]
Total: 15

Other Threads:
  0x000001fd0e1797d0 VMThread "VM Thread"                           [id=11652, stack(0x00000099cea00000,0x00000099ceb00000) (1024K)]
  0x000001fd2f700300 WatcherThread "VM Periodic Task Thread"        [id=8612, stack(0x00000099ce900000,0x00000099cea00000) (1024K)]
  0x000001fd0e179430 WorkerThread "GC Thread#0"                     [id=27204, stack(0x00000099ce400000,0x00000099ce500000) (1024K)]
  0x000001fd10430230 ConcurrentGCThread "G1 Main Marker"            [id=31688, stack(0x00000099ce500000,0x00000099ce600000) (1024K)]
  0x000001fd0e17a2b0 WorkerThread "G1 Conc#0"                       [id=9076, stack(0x00000099ce600000,0x00000099ce700000) (1024K)]
  0x000001fd2f5d5260 ConcurrentGCThread "G1 Refine#0"               [id=30648, stack(0x00000099ce700000,0x00000099ce800000) (1024K)]
  0x000001fd2f5d5ce0 ConcurrentGCThread "G1 Service"                [id=11804, stack(0x00000099ce800000,0x00000099ce900000) (1024K)]
Total: 7

Threads with active compile tasks:
C1 CompilerThread2      279  331       3       java.lang.invoke.MemberName::getMethodOrFieldType (72 bytes)
Total: 1

VM state: not at safepoint (normal execution)

VM Mutex/Monitor currently owned by a thread: None

Heap address: 0x0000000705e00000, size: 4002 MB, Compressed Oops mode: Zero based, Oop shift amount: 3

CDS archive(s) mapped at: [0x000001fd30000000-0x000001fd30c90000-0x000001fd30c90000), size 13172736, SharedBaseAddress: 0x000001fd30000000, ArchiveRelocationMode: 1.
Compressed class space mapped at: 0x000001fd31000000-0x000001fd71000000, reserved size: 1073741824
Narrow klass base: 0x000001fd30000000, Narrow klass shift: 0, Narrow klass range: 0x100000000

GC Precious Log:
 CardTable entry size: 512
 Card Set container configuration: InlinePtr #cards 4 size 8 Array Of Cards #cards 16 size 48 Howl #buckets 8 coarsen threshold 3686 Howl Bitmap #cards 512 size 80 coarsen threshold 460 Card regions per heap region 1 cards per card region 4096
 CPUs: 16 total, 16 available
 Memory: 16004M
 Large Page Support: Disabled
 NUMA Support: Disabled
 Compressed Oops: Enabled (Zero based)
 Heap Region Size: 2M
 Heap Min Capacity: 8M
 Heap Initial Capacity: 252M
 Heap Max Capacity: 4002M
 Pre-touch: Disabled
 Parallel Workers: 13
 Concurrent Workers: 3
 Concurrent Refinement Workers: 13
 Periodic GC: Disabled

Heap:
 garbage-first heap   total 258048K, used 4096K [0x0000000705e00000, 0x0000000800000000)
  region size 2048K, 3 young (6144K), 0 survivors (0K)
 Metaspace       used 1215K, committed 1344K, reserved 1114112K
  class space    used 104K, committed 192K, reserved 1048576K

Heap Regions: E=young(eden), S=young(survivor), O=old, HS=humongous(starts), HC=humongous(continues), CS=collection set, F=free, TAMS=top-at-mark-start, PB=parsable bottom
|   0|0x0000000705e00000, 0x0000000705e00000, 0x0000000706000000|  0%| F|  |TAMS 0x0000000705e00000| PB 0x0000000705e00000| Untracked 
|   1|0x0000000706000000, 0x0000000706000000, 0x0000000706200000|  0%| F|  |TAMS 0x0000000706000000| PB 0x0000000706000000| Untracked 
|   2|0x0000000706200000, 0x0000000706200000, 0x0000000706400000|  0%| F|  |TAMS 0x0000000706200000| PB 0x0000000706200000| Untracked 
|   3|0x0000000706400000, 0x0000000706400000, 0x0000000706600000|  0%| F|  |TAMS 0x0000000706400000| PB 0x0000000706400000| Untracked 
|   4|0x0000000706600000, 0x0000000706600000, 0x0000000706800000|  0%| F|  |TAMS 0x0000000706600000| PB 0x0000000706600000| Untracked 
|   5|0x0000000706800000, 0x0000000706800000, 0x0000000706a00000|  0%| F|  |TAMS 0x0000000706800000| PB 0x0000000706800000| Untracked 
|   6|0x0000000706a00000, 0x0000000706a00000, 0x0000000706c00000|  0%| F|  |TAMS 0x0000000706a00000| PB 0x0000000706a00000| Untracked 
|   7|0x0000000706c00000, 0x0000000706c00000, 0x0000000706e00000|  0%| F|  |TAMS 0x0000000706c00000| PB 0x0000000706c00000| Untracked 
|   8|0x0000000706e00000, 0x0000000706e00000, 0x0000000707000000|  0%| F|  |TAMS 0x0000000706e00000| PB 0x0000000706e00000| Untracked 
|   9|0x0000000707000000, 0x0000000707000000, 0x0000000707200000|  0%| F|  |TAMS 0x0000000707000000| PB 0x0000000707000000| Untracked 
|  10|0x0000000707200000, 0x0000000707200000, 0x0000000707400000|  0%| F|  |TAMS 0x0000000707200000| PB 0x0000000707200000| Untracked 
|  11|0x0000000707400000, 0x0000000707400000, 0x0000000707600000|  0%| F|  |TAMS 0x0000000707400000| PB 0x0000000707400000| Untracked 
|  12|0x0000000707600000, 0x0000000707600000, 0x0000000707800000|  0%| F|  |TAMS 0x0000000707600000| PB 0x0000000707600000| Untracked 
|  13|0x0000000707800000, 0x0000000707800000, 0x0000000707a00000|  0%| F|  |TAMS 0x0000000707800000| PB 0x0000000707800000| Untracked 
|  14|0x0000000707a00000, 0x0000000707a00000, 0x0000000707c00000|  0%| F|  |TAMS 0x0000000707a00000| PB 0x0000000707a00000| Untracked 
|  15|0x0000000707c00000, 0x0000000707c00000, 0x0000000707e00000|  0%| F|  |TAMS 0x0000000707c00000| PB 0x0000000707c00000| Untracked 
|  16|0x0000000707e00000, 0x0000000707e00000, 0x0000000708000000|  0%| F|  |TAMS 0x0000000707e00000| PB 0x0000000707e00000| Untracked 
|  17|0x0000000708000000, 0x0000000708000000, 0x0000000708200000|  0%| F|  |TAMS 0x0000000708000000| PB 0x0000000708000000| Untracked 
|  18|0x0000000708200000, 0x0000000708200000, 0x0000000708400000|  0%| F|  |TAMS 0x0000000708200000| PB 0x0000000708200000| Untracked 
|  19|0x0000000708400000, 0x0000000708400000, 0x0000000708600000|  0%| F|  |TAMS 0x0000000708400000| PB 0x0000000708400000| Untracked 
|  20|0x0000000708600000, 0x0000000708600000, 0x0000000708800000|  0%| F|  |TAMS 0x0000000708600000| PB 0x0000000708600000| Untracked 
|  21|0x0000000708800000, 0x0000000708800000, 0x0000000708a00000|  0%| F|  |TAMS 0x0000000708800000| PB 0x0000000708800000| Untracked 
|  22|0x0000000708a00000, 0x0000000708a00000, 0x0000000708c00000|  0%| F|  |TAMS 0x0000000708a00000| PB 0x0000000708a00000| Untracked 
|  23|0x0000000708c00000, 0x0000000708c00000, 0x0000000708e00000|  0%| F|  |TAMS 0x0000000708c00000| PB 0x0000000708c00000| Untracked 
|  24|0x0000000708e00000, 0x0000000708e00000, 0x0000000709000000|  0%| F|  |TAMS 0x0000000708e00000| PB 0x0000000708e00000| Untracked 
|  25|0x0000000709000000, 0x0000000709000000, 0x0000000709200000|  0%| F|  |TAMS 0x0000000709000000| PB 0x0000000709000000| Untracked 
|  26|0x0000000709200000, 0x0000000709200000, 0x0000000709400000|  0%| F|  |TAMS 0x0000000709200000| PB 0x0000000709200000| Untracked 
|  27|0x0000000709400000, 0x0000000709400000, 0x0000000709600000|  0%| F|  |TAMS 0x0000000709400000| PB 0x0000000709400000| Untracked 
|  28|0x0000000709600000, 0x0000000709600000, 0x0000000709800000|  0%| F|  |TAMS 0x0000000709600000| PB 0x0000000709600000| Untracked 
|  29|0x0000000709800000, 0x0000000709800000, 0x0000000709a00000|  0%| F|  |TAMS 0x0000000709800000| PB 0x0000000709800000| Untracked 
|  30|0x0000000709a00000, 0x0000000709a00000, 0x0000000709c00000|  0%| F|  |TAMS 0x0000000709a00000| PB 0x0000000709a00000| Untracked 
|  31|0x0000000709c00000, 0x0000000709c00000, 0x0000000709e00000|  0%| F|  |TAMS 0x0000000709c00000| PB 0x0000000709c00000| Untracked 
|  32|0x0000000709e00000, 0x0000000709e00000, 0x000000070a000000|  0%| F|  |TAMS 0x0000000709e00000| PB 0x0000000709e00000| Untracked 
|  33|0x000000070a000000, 0x000000070a000000, 0x000000070a200000|  0%| F|  |TAMS 0x000000070a000000| PB 0x000000070a000000| Untracked 
|  34|0x000000070a200000, 0x000000070a200000, 0x000000070a400000|  0%| F|  |TAMS 0x000000070a200000| PB 0x000000070a200000| Untracked 
|  35|0x000000070a400000, 0x000000070a400000, 0x000000070a600000|  0%| F|  |TAMS 0x000000070a400000| PB 0x000000070a400000| Untracked 
|  36|0x000000070a600000, 0x000000070a600000, 0x000000070a800000|  0%| F|  |TAMS 0x000000070a600000| PB 0x000000070a600000| Untracked 
|  37|0x000000070a800000, 0x000000070a800000, 0x000000070aa00000|  0%| F|  |TAMS 0x000000070a800000| PB 0x000000070a800000| Untracked 
|  38|0x000000070aa00000, 0x000000070aa00000, 0x000000070ac00000|  0%| F|  |TAMS 0x000000070aa00000| PB 0x000000070aa00000| Untracked 
|  39|0x000000070ac00000, 0x000000070ac00000, 0x000000070ae00000|  0%| F|  |TAMS 0x000000070ac00000| PB 0x000000070ac00000| Untracked 
|  40|0x000000070ae00000, 0x000000070ae00000, 0x000000070b000000|  0%| F|  |TAMS 0x000000070ae00000| PB 0x000000070ae00000| Untracked 
|  41|0x000000070b000000, 0x000000070b000000, 0x000000070b200000|  0%| F|  |TAMS 0x000000070b000000| PB 0x000000070b000000| Untracked 
|  42|0x000000070b200000, 0x000000070b200000, 0x000000070b400000|  0%| F|  |TAMS 0x000000070b200000| PB 0x000000070b200000| Untracked 
|  43|0x000000070b400000, 0x000000070b400000, 0x000000070b600000|  0%| F|  |TAMS 0x000000070b400000| PB 0x000000070b400000| Untracked 
|  44|0x000000070b600000, 0x000000070b600000, 0x000000070b800000|  0%| F|  |TAMS 0x000000070b600000| PB 0x000000070b600000| Untracked 
|  45|0x000000070b800000, 0x000000070b800000, 0x000000070ba00000|  0%| F|  |TAMS 0x000000070b800000| PB 0x000000070b800000| Untracked 
|  46|0x000000070ba00000, 0x000000070ba00000, 0x000000070bc00000|  0%| F|  |TAMS 0x000000070ba00000| PB 0x000000070ba00000| Untracked 
|  47|0x000000070bc00000, 0x000000070bc00000, 0x000000070be00000|  0%| F|  |TAMS 0x000000070bc00000| PB 0x000000070bc00000| Untracked 
|  48|0x000000070be00000, 0x000000070be00000, 0x000000070c000000|  0%| F|  |TAMS 0x000000070be00000| PB 0x000000070be00000| Untracked 
|  49|0x000000070c000000, 0x000000070c000000, 0x000000070c200000|  0%| F|  |TAMS 0x000000070c000000| PB 0x000000070c000000| Untracked 
|  50|0x000000070c200000, 0x000000070c200000, 0x000000070c400000|  0%| F|  |TAMS 0x000000070c200000| PB 0x000000070c200000| Untracked 
|  51|0x000000070c400000, 0x000000070c400000, 0x000000070c600000|  0%| F|  |TAMS 0x000000070c400000| PB 0x000000070c400000| Untracked 
|  52|0x000000070c600000, 0x000000070c600000, 0x000000070c800000|  0%| F|  |TAMS 0x000000070c600000| PB 0x000000070c600000| Untracked 
|  53|0x000000070c800000, 0x000000070c800000, 0x000000070ca00000|  0%| F|  |TAMS 0x000000070c800000| PB 0x000000070c800000| Untracked 
|  54|0x000000070ca00000, 0x000000070ca00000, 0x000000070cc00000|  0%| F|  |TAMS 0x000000070ca00000| PB 0x000000070ca00000| Untracked 
|  55|0x000000070cc00000, 0x000000070cc00000, 0x000000070ce00000|  0%| F|  |TAMS 0x000000070cc00000| PB 0x000000070cc00000| Untracked 
|  56|0x000000070ce00000, 0x000000070ce00000, 0x000000070d000000|  0%| F|  |TAMS 0x000000070ce00000| PB 0x000000070ce00000| Untracked 
|  57|0x000000070d000000, 0x000000070d000000, 0x000000070d200000|  0%| F|  |TAMS 0x000000070d000000| PB 0x000000070d000000| Untracked 
|  58|0x000000070d200000, 0x000000070d200000, 0x000000070d400000|  0%| F|  |TAMS 0x000000070d200000| PB 0x000000070d200000| Untracked 
|  59|0x000000070d400000, 0x000000070d400000, 0x000000070d600000|  0%| F|  |TAMS 0x000000070d400000| PB 0x000000070d400000| Untracked 
|  60|0x000000070d600000, 0x000000070d600000, 0x000000070d800000|  0%| F|  |TAMS 0x000000070d600000| PB 0x000000070d600000| Untracked 
|  61|0x000000070d800000, 0x000000070d800000, 0x000000070da00000|  0%| F|  |TAMS 0x000000070d800000| PB 0x000000070d800000| Untracked 
|  62|0x000000070da00000, 0x000000070da00000, 0x000000070dc00000|  0%| F|  |TAMS 0x000000070da00000| PB 0x000000070da00000| Untracked 
|  63|0x000000070dc00000, 0x000000070dc00000, 0x000000070de00000|  0%| F|  |TAMS 0x000000070dc00000| PB 0x000000070dc00000| Untracked 
|  64|0x000000070de00000, 0x000000070de00000, 0x000000070e000000|  0%| F|  |TAMS 0x000000070de00000| PB 0x000000070de00000| Untracked 
|  65|0x000000070e000000, 0x000000070e000000, 0x000000070e200000|  0%| F|  |TAMS 0x000000070e000000| PB 0x000000070e000000| Untracked 
|  66|0x000000070e200000, 0x000000070e200000, 0x000000070e400000|  0%| F|  |TAMS 0x000000070e200000| PB 0x000000070e200000| Untracked 
|  67|0x000000070e400000, 0x000000070e400000, 0x000000070e600000|  0%| F|  |TAMS 0x000000070e400000| PB 0x000000070e400000| Untracked 
|  68|0x000000070e600000, 0x000000070e600000, 0x000000070e800000|  0%| F|  |TAMS 0x000000070e600000| PB 0x000000070e600000| Untracked 
|  69|0x000000070e800000, 0x000000070e800000, 0x000000070ea00000|  0%| F|  |TAMS 0x000000070e800000| PB 0x000000070e800000| Untracked 
|  70|0x000000070ea00000, 0x000000070ea00000, 0x000000070ec00000|  0%| F|  |TAMS 0x000000070ea00000| PB 0x000000070ea00000| Untracked 
|  71|0x000000070ec00000, 0x000000070ec00000, 0x000000070ee00000|  0%| F|  |TAMS 0x000000070ec00000| PB 0x000000070ec00000| Untracked 
|  72|0x000000070ee00000, 0x000000070ee00000, 0x000000070f000000|  0%| F|  |TAMS 0x000000070ee00000| PB 0x000000070ee00000| Untracked 
|  73|0x000000070f000000, 0x000000070f000000, 0x000000070f200000|  0%| F|  |TAMS 0x000000070f000000| PB 0x000000070f000000| Untracked 
|  74|0x000000070f200000, 0x000000070f200000, 0x000000070f400000|  0%| F|  |TAMS 0x000000070f200000| PB 0x000000070f200000| Untracked 
|  75|0x000000070f400000, 0x000000070f400000, 0x000000070f600000|  0%| F|  |TAMS 0x000000070f400000| PB 0x000000070f400000| Untracked 
|  76|0x000000070f600000, 0x000000070f600000, 0x000000070f800000|  0%| F|  |TAMS 0x000000070f600000| PB 0x000000070f600000| Untracked 
|  77|0x000000070f800000, 0x000000070f800000, 0x000000070fa00000|  0%| F|  |TAMS 0x000000070f800000| PB 0x000000070f800000| Untracked 
|  78|0x000000070fa00000, 0x000000070fa00000, 0x000000070fc00000|  0%| F|  |TAMS 0x000000070fa00000| PB 0x000000070fa00000| Untracked 
|  79|0x000000070fc00000, 0x000000070fc00000, 0x000000070fe00000|  0%| F|  |TAMS 0x000000070fc00000| PB 0x000000070fc00000| Untracked 
|  80|0x000000070fe00000, 0x000000070fe00000, 0x0000000710000000|  0%| F|  |TAMS 0x000000070fe00000| PB 0x000000070fe00000| Untracked 
|  81|0x0000000710000000, 0x0000000710000000, 0x0000000710200000|  0%| F|  |TAMS 0x0000000710000000| PB 0x0000000710000000| Untracked 
|  82|0x0000000710200000, 0x0000000710200000, 0x0000000710400000|  0%| F|  |TAMS 0x0000000710200000| PB 0x0000000710200000| Untracked 
|  83|0x0000000710400000, 0x0000000710400000, 0x0000000710600000|  0%| F|  |TAMS 0x0000000710400000| PB 0x0000000710400000| Untracked 
|  84|0x0000000710600000, 0x0000000710600000, 0x0000000710800000|  0%| F|  |TAMS 0x0000000710600000| PB 0x0000000710600000| Untracked 
|  85|0x0000000710800000, 0x0000000710800000, 0x0000000710a00000|  0%| F|  |TAMS 0x0000000710800000| PB 0x0000000710800000| Untracked 
|  86|0x0000000710a00000, 0x0000000710a00000, 0x0000000710c00000|  0%| F|  |TAMS 0x0000000710a00000| PB 0x0000000710a00000| Untracked 
|  87|0x0000000710c00000, 0x0000000710c00000, 0x0000000710e00000|  0%| F|  |TAMS 0x0000000710c00000| PB 0x0000000710c00000| Untracked 
|  88|0x0000000710e00000, 0x0000000710e00000, 0x0000000711000000|  0%| F|  |TAMS 0x0000000710e00000| PB 0x0000000710e00000| Untracked 
|  89|0x0000000711000000, 0x0000000711000000, 0x0000000711200000|  0%| F|  |TAMS 0x0000000711000000| PB 0x0000000711000000| Untracked 
|  90|0x0000000711200000, 0x0000000711200000, 0x0000000711400000|  0%| F|  |TAMS 0x0000000711200000| PB 0x0000000711200000| Untracked 
|  91|0x0000000711400000, 0x0000000711400000, 0x0000000711600000|  0%| F|  |TAMS 0x0000000711400000| PB 0x0000000711400000| Untracked 
|  92|0x0000000711600000, 0x0000000711600000, 0x0000000711800000|  0%| F|  |TAMS 0x0000000711600000| PB 0x0000000711600000| Untracked 
|  93|0x0000000711800000, 0x0000000711800000, 0x0000000711a00000|  0%| F|  |TAMS 0x0000000711800000| PB 0x0000000711800000| Untracked 
|  94|0x0000000711a00000, 0x0000000711a00000, 0x0000000711c00000|  0%| F|  |TAMS 0x0000000711a00000| PB 0x0000000711a00000| Untracked 
|  95|0x0000000711c00000, 0x0000000711c00000, 0x0000000711e00000|  0%| F|  |TAMS 0x0000000711c00000| PB 0x0000000711c00000| Untracked 
|  96|0x0000000711e00000, 0x0000000711e00000, 0x0000000712000000|  0%| F|  |TAMS 0x0000000711e00000| PB 0x0000000711e00000| Untracked 
|  97|0x0000000712000000, 0x0000000712000000, 0x0000000712200000|  0%| F|  |TAMS 0x0000000712000000| PB 0x0000000712000000| Untracked 
|  98|0x0000000712200000, 0x0000000712200000, 0x0000000712400000|  0%| F|  |TAMS 0x0000000712200000| PB 0x0000000712200000| Untracked 
|  99|0x0000000712400000, 0x0000000712400000, 0x0000000712600000|  0%| F|  |TAMS 0x0000000712400000| PB 0x0000000712400000| Untracked 
| 100|0x0000000712600000, 0x0000000712600000, 0x0000000712800000|  0%| F|  |TAMS 0x0000000712600000| PB 0x0000000712600000| Untracked 
| 101|0x0000000712800000, 0x0000000712800000, 0x0000000712a00000|  0%| F|  |TAMS 0x0000000712800000| PB 0x0000000712800000| Untracked 
| 102|0x0000000712a00000, 0x0000000712a00000, 0x0000000712c00000|  0%| F|  |TAMS 0x0000000712a00000| PB 0x0000000712a00000| Untracked 
| 103|0x0000000712c00000, 0x0000000712c00000, 0x0000000712e00000|  0%| F|  |TAMS 0x0000000712c00000| PB 0x0000000712c00000| Untracked 
| 104|0x0000000712e00000, 0x0000000712e00000, 0x0000000713000000|  0%| F|  |TAMS 0x0000000712e00000| PB 0x0000000712e00000| Untracked 
| 105|0x0000000713000000, 0x0000000713000000, 0x0000000713200000|  0%| F|  |TAMS 0x0000000713000000| PB 0x0000000713000000| Untracked 
| 106|0x0000000713200000, 0x0000000713200000, 0x0000000713400000|  0%| F|  |TAMS 0x0000000713200000| PB 0x0000000713200000| Untracked 
| 107|0x0000000713400000, 0x0000000713400000, 0x0000000713600000|  0%| F|  |TAMS 0x0000000713400000| PB 0x0000000713400000| Untracked 
| 108|0x0000000713600000, 0x0000000713600000, 0x0000000713800000|  0%| F|  |TAMS 0x0000000713600000| PB 0x0000000713600000| Untracked 
| 109|0x0000000713800000, 0x0000000713800000, 0x0000000713a00000|  0%| F|  |TAMS 0x0000000713800000| PB 0x0000000713800000| Untracked 
| 110|0x0000000713a00000, 0x0000000713a00000, 0x0000000713c00000|  0%| F|  |TAMS 0x0000000713a00000| PB 0x0000000713a00000| Untracked 
| 111|0x0000000713c00000, 0x0000000713c00000, 0x0000000713e00000|  0%| F|  |TAMS 0x0000000713c00000| PB 0x0000000713c00000| Untracked 
| 112|0x0000000713e00000, 0x0000000713e00000, 0x0000000714000000|  0%| F|  |TAMS 0x0000000713e00000| PB 0x0000000713e00000| Untracked 
| 113|0x0000000714000000, 0x0000000714000000, 0x0000000714200000|  0%| F|  |TAMS 0x0000000714000000| PB 0x0000000714000000| Untracked 
| 114|0x0000000714200000, 0x0000000714200000, 0x0000000714400000|  0%| F|  |TAMS 0x0000000714200000| PB 0x0000000714200000| Untracked 
| 115|0x0000000714400000, 0x0000000714400000, 0x0000000714600000|  0%| F|  |TAMS 0x0000000714400000| PB 0x0000000714400000| Untracked 
| 116|0x0000000714600000, 0x0000000714600000, 0x0000000714800000|  0%| F|  |TAMS 0x0000000714600000| PB 0x0000000714600000| Untracked 
| 117|0x0000000714800000, 0x0000000714800000, 0x0000000714a00000|  0%| F|  |TAMS 0x0000000714800000| PB 0x0000000714800000| Untracked 
| 118|0x0000000714a00000, 0x0000000714a00000, 0x0000000714c00000|  0%| F|  |TAMS 0x0000000714a00000| PB 0x0000000714a00000| Untracked 
| 119|0x0000000714c00000, 0x0000000714c00000, 0x0000000714e00000|  0%| F|  |TAMS 0x0000000714c00000| PB 0x0000000714c00000| Untracked 
| 120|0x0000000714e00000, 0x0000000714e00000, 0x0000000715000000|  0%| F|  |TAMS 0x0000000714e00000| PB 0x0000000714e00000| Untracked 
| 121|0x0000000715000000, 0x0000000715000000, 0x0000000715200000|  0%| F|  |TAMS 0x0000000715000000| PB 0x0000000715000000| Untracked 
| 122|0x0000000715200000, 0x0000000715200000, 0x0000000715400000|  0%| F|  |TAMS 0x0000000715200000| PB 0x0000000715200000| Untracked 
| 123|0x0000000715400000, 0x0000000715471250, 0x0000000715600000| 22%| E|  |TAMS 0x0000000715400000| PB 0x0000000715400000| Complete 
| 124|0x0000000715600000, 0x0000000715800000, 0x0000000715800000|100%| E|CS|TAMS 0x0000000715600000| PB 0x0000000715600000| Complete 
| 125|0x0000000715800000, 0x0000000715a00000, 0x0000000715a00000|100%| E|CS|TAMS 0x0000000715800000| PB 0x0000000715800000| Complete 

Card table byte_map: [0x000001fd28870000,0x000001fd29050000] _byte_map_base: 0x000001fd25041000

Marking Bits: (CMBitMap*) 0x000001fd1041fd90
 Bits: [0x000001fd29050000, 0x000001fd2ced8000)

Polling page: 0x000001fd0e360000

Metaspace:

Usage:
  Non-class:      1.08 MB used.
      Class:    104.52 KB used.
       Both:      1.19 MB used.

Virtual space:
  Non-class space:       64.00 MB reserved,       1.12 MB (  2%) committed,  1 nodes.
      Class space:        1.00 GB reserved,     192.00 KB ( <1%) committed,  1 nodes.
             Both:        1.06 GB reserved,       1.31 MB ( <1%) committed. 

Chunk freelists:
   Non-Class:  11.97 MB
       Class:  15.73 MB
        Both:  27.69 MB

MaxMetaspaceSize: unlimited
CompressedClassSpaceSize: 1.00 GB
Initial GC threshold: 21.00 MB
Current GC threshold: 21.00 MB
CDS: on
 - commit_granule_bytes: 65536.
 - commit_granule_words: 8192.
 - virtual_space_node_default_size: 8388608.
 - enlarge_chunks_in_place: 1.
 - use_allocation_guard: 0.


Internal statistics:

num_allocs_failed_limit: 0.
num_arena_births: 38.
num_arena_deaths: 0.
num_vsnodes_births: 2.
num_vsnodes_deaths: 0.
num_space_committed: 21.
num_space_uncommitted: 0.
num_chunks_returned_to_freelist: 0.
num_chunks_taken_from_freelist: 38.
num_chunk_merges: 0.
num_chunk_splits: 26.
num_chunks_enlarged: 14.
num_inconsistent_stats: 0.

CodeHeap 'non-profiled nmethods': size=119168Kb used=109Kb max_used=109Kb free=119058Kb
 bounds [0x000001fd203a0000, 0x000001fd20610000, 0x000001fd27800000]
CodeHeap 'profiled nmethods': size=119104Kb used=436Kb max_used=436Kb free=118667Kb
 bounds [0x000001fd18800000, 0x000001fd18a70000, 0x000001fd1fc50000]
CodeHeap 'non-nmethods': size=7488Kb used=2975Kb max_used=2985Kb free=4512Kb
 bounds [0x000001fd1fc50000, 0x000001fd1ff40000, 0x000001fd203a0000]
 total_blobs=742 nmethods=336 adapters=308
 compilation: enabled
              stopped_count=0, restarted_count=0
 full_count=0

Compilation events (20 events):
Event: 0.201 Thread 0x000001fd7516a240  320       3       java.lang.reflect.Modifier::isStatic (13 bytes)
Event: 0.201 Thread 0x000001fd7513f8a0  321       3       java.lang.invoke.LambdaForm::parameter (38 bytes)
Event: 0.202 Thread 0x000001fd7516a240 nmethod 320 0x000001fd18860390 code [0x000001fd18860520, 0x000001fd18860670]
Event: 0.202 Thread 0x000001fd75163aa0  323       3       java.lang.invoke.MemberName::isStatic (8 bytes)
Event: 0.202 Thread 0x000001fd7513f8a0 nmethod 321 0x000001fd18860710 code [0x000001fd188608c0, 0x000001fd18860a10]
Event: 0.202 Thread 0x000001fd75163aa0 nmethod 323 0x000001fd18860b10 code [0x000001fd18860cc0, 0x000001fd18860e90]
Event: 0.202 Thread 0x000001fd7513f8a0  325       1       java.lang.invoke.LambdaForm$Name::index (5 bytes)
Event: 0.202 Thread 0x000001fd7513f8a0 nmethod 325 0x000001fd203ba890 code [0x000001fd203baa20, 0x000001fd203baae8]
Event: 0.202 Thread 0x000001fd75163aa0  327       1       java.lang.invoke.LambdaForm$BasicType::basicTypeClass (5 bytes)
Event: 0.202 Thread 0x000001fd7513f8a0  328       3       java.util.Arrays::copyOf (40 bytes)
Event: 0.202 Thread 0x000001fd75163aa0 nmethod 327 0x000001fd203bab90 code [0x000001fd203bad20, 0x000001fd203badf0]
Event: 0.203 Thread 0x000001fd7516a240  330       3       java.lang.invoke.MemberName::isResolved (13 bytes)
Event: 0.203 Thread 0x000001fd75163aa0  331       3       java.lang.invoke.MemberName::getMethodOrFieldType (72 bytes)
Event: 0.203 Thread 0x000001fd7516a240 nmethod 330 0x000001fd18860f90 code [0x000001fd18861120, 0x000001fd18861290]
Event: 0.203 Thread 0x000001fd7516a240  332       3       java.lang.invoke.LambdaForm$Name::<init> (66 bytes)
Event: 0.203 Thread 0x000001fd7513f8a0 nmethod 328 0x000001fd18861310 code [0x000001fd18861520, 0x000001fd18861c00]
Event: 0.203 Thread 0x000001fd7516a240 nmethod 332 0x000001fd18861e10 code [0x000001fd18861fc0, 0x000001fd188622a0]
Event: 0.203 Thread 0x000001fd7516a240  334       3       java.lang.invoke.LambdaForm::parameterType (9 bytes)
Event: 0.203 Thread 0x000001fd7516a240 nmethod 334 0x000001fd18862390 code [0x000001fd18862540, 0x000001fd188626a0]
Event: 0.203 Thread 0x000001fd7516a240  335       3       jdk.internal.org.objectweb.asm.ByteVector::put12 (64 bytes)

GC Heap History (0 events):
No events

Dll operation events (7 events):
Event: 0.014 Loaded shared library C:\Program Files\Java\jdk-21\bin\java.dll
Event: 0.070 Loaded shared library C:\Program Files\Java\jdk-21\bin\jsvml.dll
Event: 0.112 Loaded shared library C:\Program Files\Java\jdk-21\bin\net.dll
Event: 0.114 Loaded shared library C:\Program Files\Java\jdk-21\bin\nio.dll
Event: 0.148 Loaded shared library C:\Program Files\Java\jdk-21\bin\zip.dll
Event: 0.168 Loaded shared library C:\Program Files\Java\jdk-21\bin\jimage.dll
Event: 0.187 Loaded shared library C:\Program Files\Java\jdk-21\bin\awt.dll

Deoptimization events (0 events):
No events

Classes loaded (20 events):
Event: 0.176 Loading class java/net/SocketPermission
Event: 0.176 Loading class java/net/SocketPermission done
Event: 0.176 Loading class java/lang/reflect/ReflectPermission
Event: 0.176 Loading class java/lang/reflect/ReflectPermission done
Event: 0.181 Loading class sun/awt/resources/awt
Event: 0.181 Loading class sun/awt/resources/awt done
Event: 0.182 Loading class java/util/ResourceBundle$BundleReference
Event: 0.182 Loading class java/util/ResourceBundle$BundleReference done
Event: 0.182 Loading class sun/awt/resources/awt_en
Event: 0.182 Loading class sun/awt/resources/awt_en done
Event: 0.182 Loading class sun/awt/resources/awt_en
Event: 0.182 Loading class sun/awt/resources/awt_en done
Event: 0.184 Loading class sun/awt/resources/awt_en_IN
Event: 0.185 Loading class sun/awt/resources/awt_en_IN done
Event: 0.185 Loading class sun/awt/resources/awt_en_IN
Event: 0.185 Loading class sun/awt/resources/awt_en_IN done
Event: 0.185 Loading class java/awt/Toolkit$2
Event: 0.185 Loading class java/awt/Toolkit$2 done
Event: 0.187 Loading class java/awt/Toolkit$1
Event: 0.187 Loading class java/awt/Toolkit$1 done

Classes unloaded (0 events):
No events

Classes redefined (0 events):
No events

Internal exceptions (4 events):
Event: 0.116 Thread 0x000001fd0e195ab0 Exception <a 'sun/nio/fs/WindowsException'{0x000000071567d948}> (0x000000071567d948) 
thrown [s\open\src\hotspot\share\prims\jni.cpp, line 520]
Event: 0.118 Thread 0x000001fd0e195ab0 Exception <a 'sun/nio/fs/WindowsException'{0x000000071567fe58}> (0x000000071567fe58) 
thrown [s\open\src\hotspot\share\prims\jni.cpp, line 520]
Event: 0.118 Thread 0x000001fd0e195ab0 Exception <a 'sun/nio/fs/WindowsException'{0x0000000715680958}> (0x0000000715680958) 
thrown [s\open\src\hotspot\share\prims\jni.cpp, line 520]
Event: 0.175 Thread 0x000001fd0e195ab0 Exception <a 'java/lang/ClassNotFoundException'{0x0000000715747488}: sun/awt/resources/spi/awtProvider> (0x0000000715747488) 
thrown [s\open\src\hotspot\share\classfile\systemDictionary.cpp, line 312]

ZGC Phase Switch (0 events):
No events

VM Operations (2 events):
Event: 0.119 Executing VM operation: HandshakeAllThreads (Deoptimize)
Event: 0.120 Executing VM operation: HandshakeAllThreads (Deoptimize) done

Events (15 events):
Event: 0.046 Thread 0x000001fd0e195ab0 Thread added: 0x000001fd0e195ab0
Event: 0.065 Thread 0x000001fd2f731db0 Thread added: 0x000001fd2f731db0
Event: 0.066 Thread 0x000001fd2f732cd0 Thread added: 0x000001fd2f732cd0
Event: 0.066 Thread 0x000001fd2f737420 Thread added: 0x000001fd2f737420
Event: 0.067 Thread 0x000001fd2f738c50 Thread added: 0x000001fd2f738c50
Event: 0.067 Thread 0x000001fd75008090 Thread added: 0x000001fd75008090
Event: 0.067 Thread 0x000001fd75009830 Thread added: 0x000001fd75009830
Event: 0.067 Thread 0x000001fd7500ad10 Thread added: 0x000001fd7500ad10
Event: 0.067 Thread 0x000001fd7500b7b0 Thread added: 0x000001fd7500b7b0
Event: 0.097 Thread 0x000001fd751183b0 Thread added: 0x000001fd751183b0
Event: 0.105 Thread 0x000001fd7513f8a0 Thread added: 0x000001fd7513f8a0
Event: 0.122 Thread 0x000001fd75163aa0 Thread added: 0x000001fd75163aa0
Event: 0.123 Thread 0x000001fd7516a240 Thread added: 0x000001fd7516a240
Event: 0.140 Thread 0x000001fd7528c740 Thread added: 0x000001fd7528c740
Event: 0.150 Thread 0x000001fd75288bb0 Thread added: 0x000001fd75288bb0


Dynamic libraries:
0x00007ff79c040000 - 0x00007ff79c050000 	C:\Program Files\Java\jdk-21\bin\java.exe
0x00007ffd9d0d0000 - 0x00007ffd9d2e7000 	C:\Windows\SYSTEM32\ntdll.dll
0x00007ffd9b860000 - 0x00007ffd9b924000 	C:\Windows\System32\KERNEL32.DLL
0x00007ffd9a640000 - 0x00007ffd9a9ed000 	C:\Windows\System32\KERNELBASE.dll
0x00007ffd91e20000 - 0x00007ffd91eb7000 	C:\Windows\SYSTEM32\apphelp.dll
0x00007ffd9a4a0000 - 0x00007ffd9a5b1000 	C:\Windows\System32\ucrtbase.dll
0x00007ffd85760000 - 0x00007ffd8577b000 	C:\Program Files\Java\jdk-21\bin\VCRUNTIME140.dll
0x00007ffd8e7e0000 - 0x00007ffd8e7f9000 	C:\Program Files\Java\jdk-21\bin\jli.dll
0x00007ffd9c240000 - 0x00007ffd9c2f2000 	C:\Windows\System32\ADVAPI32.dll
0x00007ffd9c300000 - 0x00007ffd9c3a7000 	C:\Windows\System32\msvcrt.dll
0x00007ffd9bb90000 - 0x00007ffd9bc39000 	C:\Windows\System32\sechost.dll
0x00007ffd9ab10000 - 0x00007ffd9ab38000 	C:\Windows\System32\bcrypt.dll
0x00007ffd9ae10000 - 0x00007ffd9af24000 	C:\Windows\System32\RPCRT4.dll
0x00007ffd9b150000 - 0x00007ffd9b2fe000 	C:\Windows\System32\USER32.dll
0x00007ffd9ac70000 - 0x00007ffd9ac96000 	C:\Windows\System32\win32u.dll
0x00007ffd87690000 - 0x00007ffd87923000 	C:\Windows\WinSxS\amd64_microsoft.windows.common-controls_6595b64144ccf1df_6.0.22621.3672_none_2713b9d173822955\COMCTL32.dll
0x00007ffd9d060000 - 0x00007ffd9d089000 	C:\Windows\System32\GDI32.dll
0x00007ffd9a9f0000 - 0x00007ffd9ab09000 	C:\Windows\System32\gdi32full.dll
0x00007ffd9a400000 - 0x00007ffd9a49a000 	C:\Windows\System32\msvcp_win.dll
0x00007ffd8e960000 - 0x00007ffd8e96a000 	C:\Windows\SYSTEM32\VERSION.dll
0x00007ffd9b100000 - 0x00007ffd9b131000 	C:\Windows\System32\IMM32.DLL
0x00007ffd91fc0000 - 0x00007ffd91fcc000 	C:\Program Files\Java\jdk-21\bin\vcruntime140_1.dll
0x00007ffd53090000 - 0x00007ffd5311e000 	C:\Program Files\Java\jdk-21\bin\msvcp140.dll
0x00007ffd51df0000 - 0x00007ffd52b05000 	C:\Program Files\Java\jdk-21\bin\server\jvm.dll
0x00007ffd9c0e0000 - 0x00007ffd9c151000 	C:\Windows\System32\WS2_32.dll
0x00007ffd91f60000 - 0x00007ffd91f94000 	C:\Windows\SYSTEM32\WINMM.dll
0x00007ffd99290000 - 0x00007ffd992dd000 	C:\Windows\SYSTEM32\POWRPROF.dll
0x00007ffd99270000 - 0x00007ffd99283000 	C:\Windows\SYSTEM32\UMPDC.dll
0x00007ffd99520000 - 0x00007ffd99538000 	C:\Windows\SYSTEM32\kernel.appcore.dll
0x00007ffd8f360000 - 0x00007ffd8f36a000 	C:\Program Files\Java\jdk-21\bin\jimage.dll
0x00007ffd97aa0000 - 0x00007ffd97cd2000 	C:\Windows\SYSTEM32\DBGHELP.DLL
0x00007ffd9b4d0000 - 0x00007ffd9b858000 	C:\Windows\System32\combase.dll
0x00007ffd9c160000 - 0x00007ffd9c237000 	C:\Windows\System32\OLEAUT32.dll
0x00007ffd8f9e0000 - 0x00007ffd8fa12000 	C:\Windows\SYSTEM32\dbgcore.DLL
0x00007ffd9a5c0000 - 0x00007ffd9a63b000 	C:\Windows\System32\bcryptPrimitives.dll
0x00007ffd85740000 - 0x00007ffd8575f000 	C:\Program Files\Java\jdk-21\bin\java.dll
0x00007ffd9c800000 - 0x00007ffd9d05f000 	C:\Windows\System32\SHELL32.dll
0x00007ffd98360000 - 0x00007ffd98c5c000 	C:\Windows\SYSTEM32\windows.storage.dll
0x00007ffd98220000 - 0x00007ffd9835f000 	C:\Windows\SYSTEM32\wintypes.dll
0x00007ffd9b370000 - 0x00007ffd9b464000 	C:\Windows\System32\SHCORE.dll
0x00007ffd9b470000 - 0x00007ffd9b4ce000 	C:\Windows\System32\shlwapi.dll
0x00007ffd9a330000 - 0x00007ffd9a351000 	C:\Windows\SYSTEM32\profapi.dll
0x00007ffd532b0000 - 0x00007ffd53387000 	C:\Program Files\Java\jdk-21\bin\jsvml.dll
0x00007ffd8f1a0000 - 0x00007ffd8f1b0000 	C:\Program Files\Java\jdk-21\bin\net.dll
0x00007ffd93800000 - 0x00007ffd93936000 	C:\Windows\SYSTEM32\WINHTTP.dll
0x00007ffd99990000 - 0x00007ffd999f9000 	C:\Windows\system32\mswsock.dll
0x00007ffd85600000 - 0x00007ffd85616000 	C:\Program Files\Java\jdk-21\bin\nio.dll
0x00007ffd850d0000 - 0x00007ffd850e8000 	C:\Program Files\Java\jdk-21\bin\zip.dll
0x00007ffd53120000 - 0x00007ffd532af000 	C:\Program Files\Java\jdk-21\bin\awt.dll

dbghelp: loaded successfully - version: 4.0.5 - missing functions: none
symbol engine: initialized successfully - sym options: 0x614 - pdb path: .;C:\Program Files\Java\jdk-21\bin;C:\Windows\SYSTEM32;C:\Windows\WinSxS\amd64_microsoft.windows.common-controls_6595b64144ccf1df_6.0.22621.3672_none_2713b9d173822955;C:\Program Files\Java\jdk-21\bin\server

VM Arguments:
jvm_args: -Dfile.encoding=UTF-8 --module-path=C:\Users\ASUS\Documents\NetBeansProjects\bank management system\build\classes 
java_command: bank.management.system.SignupThree
java_class_path (initial): C:\Users\ASUS\Desktop\Cash Craft\jcalendar-tz-1.3.3-4.jar;C:\Users\ASUS\Desktop\Cash Craft\mysql-connector-java-8.0.28.jar;C:\Users\ASUS\Documents\NetBeansProjects\bank management system\build\classes
Launcher Type: SUN_STANDARD

[Global flags]
     intx CICompilerCount                          = 12                                        {product} {ergonomic}
     uint ConcGCThreads                            = 3                                         {product} {ergonomic}
     uint G1ConcRefinementThreads                  = 13                                        {product} {ergonomic}
   size_t G1HeapRegionSize                         = 2097152                                   {product} {ergonomic}
    uintx GCDrainStackTargetSize                   = 64                                        {product} {ergonomic}
   size_t InitialHeapSize                          = 264241152                                 {product} {ergonomic}
   size_t MarkStackSize                            = 4194304                                   {product} {ergonomic}
   size_t MaxHeapSize                              = 4196401152                                {product} {ergonomic}
   size_t MaxNewSize                               = 2516582400                                {product} {ergonomic}
   size_t MinHeapDeltaBytes                        = 2097152                                   {product} {ergonomic}
   size_t MinHeapSize                              = 8388608                                   {product} {ergonomic}
    uintx NonNMethodCodeHeapSize                   = 7602480                                {pd product} {ergonomic}
    uintx NonProfiledCodeHeapSize                  = 122027880                              {pd product} {ergonomic}
    uintx ProfiledCodeHeapSize                     = 122027880                              {pd product} {ergonomic}
    uintx ReservedCodeCacheSize                    = 251658240                              {pd product} {ergonomic}
     bool SegmentedCodeCache                       = true                                      {product} {ergonomic}
   size_t SoftMaxHeapSize                          = 4196401152                             {manageable} {ergonomic}
     bool UseCompressedOops                        = true                           {product lp64_product} {ergonomic}
     bool UseG1GC                                  = true                                      {product} {ergonomic}
     bool UseLargePagesIndividualAllocation        = false                                  {pd product} {ergonomic}

Logging:
Log output configuration:
 #0: stdout all=warning uptime,level,tags foldmultilines=false
 #1: stderr all=off uptime,level,tags foldmultilines=false

Environment Variables:
PATH=C:\Program Files\Common Files\Oracle\Java\javapath;C:\Windows\system32;C:\Windows;C:\Windows\System32\Wbem;C:\Windows\System32\WindowsPowerShell\v1.0\;C:\Windows\System32\OpenSSH\;C:\MinGW\bin;C:\Program Files\Git\cmd;C:\Program Files\Java\jdk-21\bin;C:\Users\ASUS\AppData\Local\Programs\Python\Python310\Scripts\;C:\Users\ASUS\AppData\Local\Programs\Python\Python310\;C:\Program Files\MySQL\MySQL Shell 8.0\bin\;C:\Users\ASUS\AppData\Local\Microsoft\WindowsApps;C:\Users\ASUS\AppData\Local\Programs\Microsoft VS Code\bin;C:\MinGW\bin;C:\Program Files\MongoDB\mongosh-2.0.2-win32-x64\bin;;C:\Program Files\JetBrains\IntelliJ IDEA Community Edition 2024.1.4\bin;
USERNAME=ASUS
OS=Windows_NT
PROCESSOR_IDENTIFIER=Intel64 Family 6 Model 154 Stepping 3, GenuineIntel
TMP=C:\Users\ASUS\AppData\Local\Temp
TEMP=C:\Users\ASUS\AppData\Local\Temp




Periodic native trim disabled

---------------  S Y S T E M  ---------------

OS:
 Windows 11 , 64 bit Build 22621 (10.0.22621.3672)
OS uptime: 33 days 15:02 hours

CPU: total 16 (initial active 16) (8 cores per cpu, 2 threads per core) family 6 model 154 stepping 3 microcode 0x42c, cx8, cmov, fxsr, ht, mmx, 3dnowpref, sse, sse2, sse3, ssse3, sse4.1, sse4.2, popcnt, lzcnt, tsc, tscinvbit, avx, avx2, aes, erms, clmul, bmi1, bmi2, adx, sha, fma, vzeroupper, clflush, clflushopt, clwb, serialize, rdtscp, rdpid, fsrm, f16c, pku, cet_ibt, cet_ss
Processor Information for processor 0
  Max Mhz: 2500, Current Mhz: 1532, Mhz Limit: 2500
Processor Information for processor 1
  Max Mhz: 2500, Current Mhz: 2500, Mhz Limit: 2500
Processor Information for processor 2
  Max Mhz: 2500, Current Mhz: 2500, Mhz Limit: 2500
Processor Information for processor 3
  Max Mhz: 2500, Current Mhz: 2500, Mhz Limit: 2500
Processor Information for processor 4
  Max Mhz: 2500, Current Mhz: 2500, Mhz Limit: 2500
Processor Information for processor 5
  Max Mhz: 2500, Current Mhz: 2500, Mhz Limit: 2500
Processor Information for processor 6
  Max Mhz: 2500, Current Mhz: 2500, Mhz Limit: 2500
Processor Information for processor 7
  Max Mhz: 2500, Current Mhz: 2500, Mhz Limit: 2500
Processor Information for processor 8
  Max Mhz: 2500, Current Mhz: 1800, Mhz Limit: 1800
Processor Information for processor 9
  Max Mhz: 2500, Current Mhz: 1800, Mhz Limit: 1800
Processor Information for processor 10
  Max Mhz: 2500, Current Mhz: 1500, Mhz Limit: 1800
Processor Information for processor 11
  Max Mhz: 2500, Current Mhz: 1500, Mhz Limit: 1800
Processor Information for processor 12
  Max Mhz: 2500, Current Mhz: 1500, Mhz Limit: 1800
Processor Information for processor 13
  Max Mhz: 2500, Current Mhz: 1500, Mhz Limit: 1800
Processor Information for processor 14
  Max Mhz: 2500, Current Mhz: 1500, Mhz Limit: 1800
Processor Information for processor 15
  Max Mhz: 2500, Current Mhz: 1500, Mhz Limit: 1800

Memory: 4k page, system-wide physical 16004M (4785M free)
TotalPageFile size 46960M (AvailPageFile size 3M)
current process WorkingSet (physical memory assigned to process): 43M, peak: 43M
current process commit charge ("private bytes"): 350M, peak: 350M

vm_info: Java HotSpot(TM) 64-Bit Server VM (21.0.1+12-LTS-29) for windows-amd64 JRE (21.0.1+12-LTS-29), built on 2023-10-05T13:27:09Z by "mach5one" with MS VC++ 17.1 (VS2022)

END.
